<?xml version="1.0" encoding="UTF-8"?>
<testsuite name="banking.DepositCommandProcessorTest" tests="4" skipped="0" failures="0" errors="0" timestamp="2023-11-30T20:57:50" hostname="n3-93-174.dhcp.drexel.edu" time="0.001">
  <properties/>
  <testcase name="deposit_into_empty_checking_account()" classname="banking.DepositCommandProcessorTest" time="0.001"/>
  <testcase name="deposit_into_empty_checking_account_twice()" classname="banking.DepositCommandProcessorTest" time="0.0"/>
  <testcase name="deposit_into_empty_savings_account()" classname="banking.DepositCommandProcessorTest" time="0.0"/>
  <testcase name="deposit_into_empty_savings_account_twice()" classname="banking.DepositCommandProcessorTest" time="0.0"/>
  <system-out><![CDATA[]]></system-out>
  <system-err><![CDATA[]]></system-err>
</testsuite>
