<?xml version="1.0" encoding="UTF-8"?>
<testsuite name="banking.WithdrawCommandValidatorTest" tests="1" skipped="0" failures="0" errors="0" timestamp="2023-11-30T22:26:48" hostname="n3-93-174.dhcp.drexel.edu" time="0.013">
  <properties/>
  <testcase name="ID_is_not_8_digits_for_withdrawing()" classname="banking.WithdrawCommandValidatorTest" time="0.013"/>
  <system-out><![CDATA[]]></system-out>
  <system-err><![CDATA[]]></system-err>
</testsuite>
