<?xml version="1.0" encoding="UTF-8"?>
<testsuite name="banking.DepositCommandValidatorTest" tests="19" skipped="0" failures="0" errors="0" timestamp="2023-11-30T20:57:50" hostname="n3-93-174.dhcp.drexel.edu" time="0.004">
  <properties/>
  <testcase name="missing_the_deposit_command()" classname="banking.DepositCommandValidatorTest" time="0.0"/>
  <testcase name="invalid_deposit_amount_type()" classname="banking.DepositCommandValidatorTest" time="0.0"/>
  <testcase name="ID_is_not_8_digits_for_depositing()" classname="banking.DepositCommandValidatorTest" time="0.0"/>
  <testcase name="a_zero_value_for_deposit_amount_in_savings()" classname="banking.DepositCommandValidatorTest" time="0.0"/>
  <testcase name="deposit_amount_has_unexpected_symbol()" classname="banking.DepositCommandValidatorTest" time="0.0"/>
  <testcase name="deposit_2500_in_savings()" classname="banking.DepositCommandValidatorTest" time="0.0"/>
  <testcase name="negative_value_for_deposit_amount()" classname="banking.DepositCommandValidatorTest" time="0.0"/>
  <testcase name="missing_deposit_amount_and_ID()" classname="banking.DepositCommandValidatorTest" time="0.0"/>
  <testcase name="deposit_over_2500_in_savings()" classname="banking.DepositCommandValidatorTest" time="0.001"/>
  <testcase name="depositing_negative_amount_into_checking_account()" classname="banking.DepositCommandValidatorTest" time="0.0"/>
  <testcase name="depositing_to_an_existing_account()" classname="banking.DepositCommandValidatorTest" time="0.0"/>
  <testcase name="deposit_1000_dollars_into_checking()" classname="banking.DepositCommandValidatorTest" time="0.0"/>
  <testcase name="deposit_over_1000_dollars_into_checking()" classname="banking.DepositCommandValidatorTest" time="0.0"/>
  <testcase name="non_numerical_value_for_ID_of_account()" classname="banking.DepositCommandValidatorTest" time="0.001"/>
  <testcase name="missing_every_command_or_is_empty()" classname="banking.DepositCommandValidatorTest" time="0.0"/>
  <testcase name="a_zero_value_for_deposit_amount_in_checkings()" classname="banking.DepositCommandValidatorTest" time="0.0"/>
  <testcase name="cd_account_cant_make_a_deposit()" classname="banking.DepositCommandValidatorTest" time="0.001"/>
  <testcase name="missing_deposit_amount()" classname="banking.DepositCommandValidatorTest" time="0.0"/>
  <testcase name="depositing_to_a_nonexistant_account()" classname="banking.DepositCommandValidatorTest" time="0.0"/>
  <system-out><![CDATA[]]></system-out>
  <system-err><![CDATA[]]></system-err>
</testsuite>
