<?xml version="1.0" encoding="UTF-8"?>
<testsuite name="banking.BankTest" tests="8" skipped="0" failures="0" errors="0" timestamp="2023-11-30T20:57:50" hostname="n3-93-174.dhcp.drexel.edu" time="0.001">
  <properties/>
  <testcase name="retrieve_correct_account_from_bank()" classname="banking.BankTest" time="0.0"/>
  <testcase name="withdraw_twice_from_correct_account()" classname="banking.BankTest" time="0.0"/>
  <testcase name="deposit_to_correct_account()" classname="banking.BankTest" time="0.0"/>
  <testcase name="withdraw_from_correct_account()" classname="banking.BankTest" time="0.0"/>
  <testcase name="bank_has_no_accounts_initially()" classname="banking.BankTest" time="0.0"/>
  <testcase name="add_two_account_to_bank()" classname="banking.BankTest" time="0.0"/>
  <testcase name="add_account_to_bank()" classname="banking.BankTest" time="0.0"/>
  <testcase name="deposit_twice_to_correct_account()" classname="banking.BankTest" time="0.0"/>
  <system-out><![CDATA[]]></system-out>
  <system-err><![CDATA[]]></system-err>
</testsuite>
