<?xml version="1.0" encoding="UTF-8"?>
<testsuite name="banking.CreateCommandProcessorTest" tests="3" skipped="0" failures="0" errors="0" timestamp="2023-11-30T20:57:50" hostname="n3-93-174.dhcp.drexel.edu" time="0.001">
  <properties/>
  <testcase name="create_CD_account()" classname="banking.CreateCommandProcessorTest" time="0.0"/>
  <testcase name="create_savings_account()" classname="banking.CreateCommandProcessorTest" time="0.0"/>
  <testcase name="create_checking_account()" classname="banking.CreateCommandProcessorTest" time="0.001"/>
  <system-out><![CDATA[]]></system-out>
  <system-err><![CDATA[]]></system-err>
</testsuite>
