<?xml version="1.0" encoding="UTF-8"?>
<testsuite name="banking.CommandProcessorTest" tests="2" skipped="0" failures="0" errors="0" timestamp="2023-11-30T20:57:50" hostname="n3-93-174.dhcp.drexel.edu" time="0.01">
  <properties/>
  <testcase name="deposit_into_empty_account()" classname="banking.CommandProcessorTest" time="0.009"/>
  <testcase name="create_an_account_in_an_empty_bank()" classname="banking.CommandProcessorTest" time="0.001"/>
  <system-out><![CDATA[]]></system-out>
  <system-err><![CDATA[]]></system-err>
</testsuite>
