<?xml version="1.0" encoding="UTF-8"?>
<testsuite name="banking.CommandStorageTest" tests="4" skipped="0" failures="0" errors="0" timestamp="2023-11-30T20:57:50" hostname="n3-93-174.dhcp.drexel.edu" time="0.001">
  <properties/>
  <testcase name="storage_is_storing_the_correct_invalid_commands()" classname="banking.CommandStorageTest" time="0.0"/>
  <testcase name="storage_is_initially_empty()" classname="banking.CommandStorageTest" time="0.0"/>
  <testcase name="storage_is_storing_one_invalid_command()" classname="banking.CommandStorageTest" time="0.0"/>
  <testcase name="storage_is_storing_two_invalid_command()" classname="banking.CommandStorageTest" time="0.0"/>
  <system-out><![CDATA[]]></system-out>
  <system-err><![CDATA[]]></system-err>
</testsuite>
