<?xml version="1.0" encoding="UTF-8"?>
<testsuite name="banking.CommandValidatorTest" tests="8" skipped="0" failures="0" errors="0" timestamp="2023-11-30T20:57:50" hostname="n3-93-174.dhcp.drexel.edu" time="0.004">
  <properties/>
  <testcase name="deposit_has_unexpected_numbers_which_makes_command_invalid()" classname="banking.CommandValidatorTest" time="0.001"/>
  <testcase name="deposit_spelled_incorrectly()" classname="banking.CommandValidatorTest" time="0.0"/>
  <testcase name="deposit_command_is_valid()" classname="banking.CommandValidatorTest" time="0.001"/>
  <testcase name="deposit_is_different_caps()" classname="banking.CommandValidatorTest" time="0.0"/>
  <testcase name="create_has_unexpected_numbers_which_makes_command_invalid()" classname="banking.CommandValidatorTest" time="0.0"/>
  <testcase name="create_command_is_spelled_incorrectly()" classname="banking.CommandValidatorTest" time="0.0"/>
  <testcase name="validate_create_string()" classname="banking.CommandValidatorTest" time="0.0"/>
  <testcase name="create_in_all_caps_is_a_valid_command()" classname="banking.CommandValidatorTest" time="0.0"/>
  <system-out><![CDATA[]]></system-out>
  <system-err><![CDATA[]]></system-err>
</testsuite>
