<?xml version="1.0" encoding="UTF-8"?>
<testsuite name="banking.WithdrawCommandValidatorTest" tests="2" skipped="0" failures="0" errors="0" timestamp="2023-11-30T20:57:50" hostname="n3-93-174.dhcp.drexel.edu" time="0.001">
  <properties/>
  <testcase name="withdrawing_a_nonexistant_account()" classname="banking.WithdrawCommandValidatorTest" time="0.0"/>
  <testcase name="withdrawing_from_an_existing_account()" classname="banking.WithdrawCommandValidatorTest" time="0.0"/>
  <system-out><![CDATA[]]></system-out>
  <system-err><![CDATA[]]></system-err>
</testsuite>
